d:\users\gabriel\programming\c++\engine\bin-int\debug-windows-x86_64\tigris\tigris.pch
d:\users\gabriel\programming\c++\engine\bin-int\debug-windows-x86_64\tigris\tigris.pdb
d:\users\gabriel\programming\c++\engine\bin-int\debug-windows-x86_64\tigris\tigris.idb
d:\users\gabriel\programming\c++\engine\bin-int\debug-windows-x86_64\tigris\tgpch.obj
d:\users\gabriel\programming\c++\engine\bin-int\debug-windows-x86_64\tigris\stb_image.obj
d:\users\gabriel\programming\c++\engine\bin-int\debug-windows-x86_64\tigris\windowswindow.obj
d:\users\gabriel\programming\c++\engine\bin-int\debug-windows-x86_64\tigris\opengltexture.obj
d:\users\gabriel\programming\c++\engine\bin-int\debug-windows-x86_64\tigris\openglshader.obj
d:\users\gabriel\programming\c++\engine\bin-int\debug-windows-x86_64\tigris\openglrendererapi.obj
d:\users\gabriel\programming\c++\engine\bin-int\debug-windows-x86_64\tigris\openglcontext.obj
d:\users\gabriel\programming\c++\engine\bin-int\debug-windows-x86_64\tigris\openglbuffer.obj
d:\users\gabriel\programming\c++\engine\bin-int\debug-windows-x86_64\tigris\texture.obj
d:\users\gabriel\programming\c++\engine\bin-int\debug-windows-x86_64\tigris\shader.obj
d:\users\gabriel\programming\c++\engine\bin-int\debug-windows-x86_64\tigris\rendererapi.obj
d:\users\gabriel\programming\c++\engine\bin-int\debug-windows-x86_64\tigris\renderer.obj
d:\users\gabriel\programming\c++\engine\bin-int\debug-windows-x86_64\tigris\rendercommand.obj
d:\users\gabriel\programming\c++\engine\bin-int\debug-windows-x86_64\tigris\graphicscontext.obj
d:\users\gabriel\programming\c++\engine\bin-int\debug-windows-x86_64\tigris\camera.obj
d:\users\gabriel\programming\c++\engine\bin-int\debug-windows-x86_64\tigris\buffer.obj
d:\users\gabriel\programming\c++\engine\bin-int\debug-windows-x86_64\tigris\window.obj
d:\users\gabriel\programming\c++\engine\bin-int\debug-windows-x86_64\tigris\time.obj
d:\users\gabriel\programming\c++\engine\bin-int\debug-windows-x86_64\tigris\layerstack.obj
d:\users\gabriel\programming\c++\engine\bin-int\debug-windows-x86_64\tigris\input.obj
d:\users\gabriel\programming\c++\engine\bin-int\debug-windows-x86_64\tigris\application.obj
d:\users\gabriel\programming\c++\engine\bin-int\debug-windows-x86_64\tigris\windowsinput.obj
c:\users\gabriel\desktop\engine\bin-int\debug-windows-x86_64\tigris\tigris.pch
c:\users\gabriel\desktop\engine\bin-int\debug-windows-x86_64\tigris\tigris.pdb
c:\users\gabriel\desktop\engine\bin-int\debug-windows-x86_64\tigris\tigris.idb
c:\users\gabriel\desktop\engine\bin-int\debug-windows-x86_64\tigris\tgpch.obj
c:\users\gabriel\desktop\engine\bin-int\debug-windows-x86_64\tigris\stb_image.obj
c:\users\gabriel\desktop\engine\bin-int\debug-windows-x86_64\tigris\windowswindow.obj
c:\users\gabriel\desktop\engine\bin-int\debug-windows-x86_64\tigris\opengltexture.obj
c:\users\gabriel\desktop\engine\bin-int\debug-windows-x86_64\tigris\openglshader.obj
c:\users\gabriel\desktop\engine\bin-int\debug-windows-x86_64\tigris\openglrendererapi.obj
c:\users\gabriel\desktop\engine\bin-int\debug-windows-x86_64\tigris\openglcontext.obj
c:\users\gabriel\desktop\engine\bin-int\debug-windows-x86_64\tigris\openglbuffer.obj
c:\users\gabriel\desktop\engine\bin-int\debug-windows-x86_64\tigris\texture.obj
c:\users\gabriel\desktop\engine\bin-int\debug-windows-x86_64\tigris\shader.obj
c:\users\gabriel\desktop\engine\bin-int\debug-windows-x86_64\tigris\rendererapi.obj
c:\users\gabriel\desktop\engine\bin-int\debug-windows-x86_64\tigris\renderer.obj
c:\users\gabriel\desktop\engine\bin-int\debug-windows-x86_64\tigris\rendercommand.obj
c:\users\gabriel\desktop\engine\bin-int\debug-windows-x86_64\tigris\graphicscontext.obj
c:\users\gabriel\desktop\engine\bin-int\debug-windows-x86_64\tigris\camera.obj
c:\users\gabriel\desktop\engine\bin-int\debug-windows-x86_64\tigris\buffer.obj
c:\users\gabriel\desktop\engine\bin-int\debug-windows-x86_64\tigris\window.obj
c:\users\gabriel\desktop\engine\bin-int\debug-windows-x86_64\tigris\time.obj
c:\users\gabriel\desktop\engine\bin-int\debug-windows-x86_64\tigris\layerstack.obj
c:\users\gabriel\desktop\engine\bin-int\debug-windows-x86_64\tigris\input.obj
c:\users\gabriel\desktop\engine\bin-int\debug-windows-x86_64\tigris\application.obj
c:\users\gabriel\desktop\engine\bin-int\debug-windows-x86_64\tigris\windowsinput.obj
d:\users\gabriel\programming\c++\engine\bin\debug-windows-x86_64\tigris\tigris.lib
c:\users\gabriel\desktop\engine\bin\debug-windows-x86_64\tigris\tigris.lib
c:\users\gabriel\desktop\engine\tigris\..\bin\debug-windows-x86_64\tigris\tigris.lib
c:\users\gabriel\desktop\engine\bin-int\debug-windows-x86_64\tigris\tigris.tlog\cl.command.1.tlog
c:\users\gabriel\desktop\engine\bin-int\debug-windows-x86_64\tigris\tigris.tlog\cl.read.1.tlog
c:\users\gabriel\desktop\engine\bin-int\debug-windows-x86_64\tigris\tigris.tlog\cl.write.1.tlog
c:\users\gabriel\desktop\engine\bin-int\debug-windows-x86_64\tigris\tigris.tlog\lib-link.read.1.tlog
c:\users\gabriel\desktop\engine\bin-int\debug-windows-x86_64\tigris\tigris.tlog\lib-link.write.1.tlog
c:\users\gabriel\desktop\engine\bin-int\debug-windows-x86_64\tigris\tigris.tlog\lib.command.1.tlog
