d:\users\gabriel\programming\c++\engine\bin-int\debug-windows-x86_64\engineeditor\vc142.pdb
d:\users\gabriel\programming\c++\engine\bin-int\debug-windows-x86_64\engineeditor\vc142.idb
d:\users\gabriel\programming\c++\engine\bin-int\debug-windows-x86_64\engineeditor\menu.obj
d:\users\gabriel\programming\c++\engine\bin-int\debug-windows-x86_64\engineeditor\editorprogram.obj
c:\users\gabriel\desktop\engine\bin-int\debug-windows-x86_64\engineeditor\vc142.pdb
c:\users\gabriel\desktop\engine\bin-int\debug-windows-x86_64\engineeditor\vc142.idb
c:\users\gabriel\desktop\engine\bin-int\debug-windows-x86_64\engineeditor\menu.obj
c:\users\gabriel\desktop\engine\bin-int\debug-windows-x86_64\engineeditor\editorprogram.obj
d:\users\gabriel\programming\c++\engine\bin\debug-windows-x86_64\engineeditor\engineeditor.exe
d:\users\gabriel\programming\c++\engine\bin\debug-windows-x86_64\engineeditor\engineeditor.ilk
d:\users\gabriel\programming\c++\engine\bin\debug-windows-x86_64\engineeditor\engineeditor.pdb
c:\users\gabriel\desktop\engine\bin-int\debug-windows-x86_64\engineeditor\engineeditor.tlog\cl.command.1.tlog
c:\users\gabriel\desktop\engine\bin-int\debug-windows-x86_64\engineeditor\engineeditor.tlog\cl.read.1.tlog
c:\users\gabriel\desktop\engine\bin-int\debug-windows-x86_64\engineeditor\engineeditor.tlog\cl.write.1.tlog
c:\users\gabriel\desktop\engine\bin-int\debug-windows-x86_64\engineeditor\engineeditor.tlog\link-cvtres.read.1.tlog
c:\users\gabriel\desktop\engine\bin-int\debug-windows-x86_64\engineeditor\engineeditor.tlog\link-cvtres.write.1.tlog
c:\users\gabriel\desktop\engine\bin-int\debug-windows-x86_64\engineeditor\engineeditor.tlog\link-rc.read.1.tlog
c:\users\gabriel\desktop\engine\bin-int\debug-windows-x86_64\engineeditor\engineeditor.tlog\link-rc.write.1.tlog
c:\users\gabriel\desktop\engine\bin-int\debug-windows-x86_64\engineeditor\engineeditor.tlog\link.12556-cvtres.read.1.tlog
c:\users\gabriel\desktop\engine\bin-int\debug-windows-x86_64\engineeditor\engineeditor.tlog\link.12556-cvtres.write.1.tlog
c:\users\gabriel\desktop\engine\bin-int\debug-windows-x86_64\engineeditor\engineeditor.tlog\link.12556-rc.read.1.tlog
c:\users\gabriel\desktop\engine\bin-int\debug-windows-x86_64\engineeditor\engineeditor.tlog\link.12556-rc.write.1.tlog
c:\users\gabriel\desktop\engine\bin-int\debug-windows-x86_64\engineeditor\engineeditor.tlog\link.12556.read.1.tlog
c:\users\gabriel\desktop\engine\bin-int\debug-windows-x86_64\engineeditor\engineeditor.tlog\link.12556.write.1.tlog
c:\users\gabriel\desktop\engine\bin-int\debug-windows-x86_64\engineeditor\engineeditor.tlog\link.command.1.tlog
c:\users\gabriel\desktop\engine\bin-int\debug-windows-x86_64\engineeditor\engineeditor.tlog\link.read.1.tlog
c:\users\gabriel\desktop\engine\bin-int\debug-windows-x86_64\engineeditor\engineeditor.tlog\link.write.1.tlog
